{"D:\\Movie POC\\DB.js": {"path":"D:\\Movie POC\\DB.js","statementMap":{"0":{"start":{"line":1,"column":17},"end":{"line":1,"column":36}},"1":{"start":{"line":2,"column":0},"end":{"line":2,"column":26}},"2":{"start":{"line":3,"column":13},"end":{"line":3,"column":32}},"3":{"start":{"line":4,"column":0},"end":{"line":4,"column":31}},"4":{"start":{"line":5,"column":11},"end":{"line":5,"column":15}},"5":{"start":{"line":6,"column":23},"end":{"line":17,"column":1}},"6":{"start":{"line":7,"column":4},"end":{"line":15,"column":5}},"7":{"start":{"line":8,"column":8},"end":{"line":14,"column":9}},"8":{"start":{"line":9,"column":12},"end":{"line":9,"column":51}},"9":{"start":{"line":10,"column":12},"end":{"line":10,"column":120}},"10":{"start":{"line":12,"column":12},"end":{"line":12,"column":40}},"11":{"start":{"line":13,"column":12},"end":{"line":13,"column":24}},"12":{"start":{"line":16,"column":4},"end":{"line":16,"column":16}},"13":{"start":{"line":18,"column":0},"end":{"line":18,"column":33}}},"fnMap":{"0":{"name":"(anonymous_0)","decl":{"start":{"line":6,"column":23},"end":{"line":6,"column":24}},"loc":{"start":{"line":6,"column":33},"end":{"line":17,"column":1}},"line":6}},"branchMap":{"0":{"loc":{"start":{"line":7,"column":4},"end":{"line":15,"column":5}},"type":"if","locations":[{"start":{"line":7,"column":4},"end":{"line":15,"column":5}},{"start":{"line":7,"column":4},"end":{"line":15,"column":5}}],"line":7}},"s":{"0":1,"1":1,"2":1,"3":1,"4":1,"5":1,"6":3,"7":1,"8":1,"9":1,"10":0,"11":0,"12":3,"13":1},"f":{"0":3},"b":{"0":[1,2]},"_coverageSchema":"1a1c01bbd47fc00a2c39e90264f33305004495a9","hash":"a1911ed61474714ef819f5cccaf1849489175e5f"}
,"D:\\Movie POC\\index.js": {"path":"D:\\Movie POC\\index.js","statementMap":{"0":{"start":{"line":1,"column":10},"end":{"line":1,"column":30}},"1":{"start":{"line":2,"column":9},"end":{"line":2,"column":31}},"2":{"start":{"line":5,"column":4},"end":{"line":5,"column":31}},"3":{"start":{"line":6,"column":24},"end":{"line":6,"column":39}},"4":{"start":{"line":7,"column":0},"end":{"line":7,"column":26}},"5":{"start":{"line":8,"column":0},"end":{"line":8,"column":19}},"6":{"start":{"line":9,"column":11},"end":{"line":9,"column":27}},"7":{"start":{"line":11,"column":0},"end":{"line":13,"column":3}},"8":{"start":{"line":12,"column":4},"end":{"line":12,"column":51}},"9":{"start":{"line":16,"column":4},"end":{"line":16,"column":38}},"10":{"start":{"line":19,"column":27},"end":{"line":19,"column":31}},"11":{"start":{"line":20,"column":4},"end":{"line":26,"column":5}},"12":{"start":{"line":21,"column":8},"end":{"line":21,"column":33}},"13":{"start":{"line":22,"column":8},"end":{"line":24,"column":16}},"14":{"start":{"line":27,"column":4},"end":{"line":33,"column":5}},"15":{"start":{"line":28,"column":8},"end":{"line":28,"column":33}},"16":{"start":{"line":29,"column":8},"end":{"line":31,"column":16}},"17":{"start":{"line":34,"column":4},"end":{"line":40,"column":5}},"18":{"start":{"line":35,"column":8},"end":{"line":35,"column":33}},"19":{"start":{"line":36,"column":8},"end":{"line":38,"column":16}},"20":{"start":{"line":41,"column":4},"end":{"line":41,"column":28}},"21":{"start":{"line":43,"column":0},"end":{"line":84,"column":2}},"22":{"start":{"line":44,"column":4},"end":{"line":83,"column":6}},"23":{"start":{"line":45,"column":18},"end":{"line":45,"column":43}},"24":{"start":{"line":47,"column":8},"end":{"line":54,"column":9}},"25":{"start":{"line":48,"column":12},"end":{"line":48,"column":51}},"26":{"start":{"line":50,"column":12},"end":{"line":52,"column":20}},"27":{"start":{"line":53,"column":12},"end":{"line":53,"column":19}},"28":{"start":{"line":55,"column":8},"end":{"line":80,"column":9}},"29":{"start":{"line":56,"column":12},"end":{"line":74,"column":13}},"30":{"start":{"line":57,"column":16},"end":{"line":57,"column":64}},"31":{"start":{"line":58,"column":16},"end":{"line":66,"column":19}},"32":{"start":{"line":59,"column":20},"end":{"line":59,"column":39}},"33":{"start":{"line":59,"column":29},"end":{"line":59,"column":39}},"34":{"start":{"line":62,"column":20},"end":{"line":64,"column":28}},"35":{"start":{"line":65,"column":20},"end":{"line":65,"column":27}},"36":{"start":{"line":69,"column":16},"end":{"line":69,"column":35}},"37":{"start":{"line":70,"column":16},"end":{"line":72,"column":24}},"38":{"start":{"line":73,"column":16},"end":{"line":73,"column":23}},"39":{"start":{"line":76,"column":12},"end":{"line":78,"column":20}},"40":{"start":{"line":79,"column":12},"end":{"line":79,"column":19}},"41":{"start":{"line":85,"column":0},"end":{"line":137,"column":3}},"42":{"start":{"line":86,"column":14},"end":{"line":86,"column":39}},"43":{"start":{"line":88,"column":4},"end":{"line":136,"column":5}},"44":{"start":{"line":89,"column":19},"end":{"line":89,"column":27}},"45":{"start":{"line":90,"column":19},"end":{"line":90,"column":20}},"46":{"start":{"line":91,"column":8},"end":{"line":95,"column":11}},"47":{"start":{"line":92,"column":12},"end":{"line":94,"column":13}},"48":{"start":{"line":93,"column":16},"end":{"line":93,"column":25}},"49":{"start":{"line":96,"column":8},"end":{"line":130,"column":9}},"50":{"start":{"line":97,"column":22},"end":{"line":97,"column":24}},"51":{"start":{"line":98,"column":12},"end":{"line":100,"column":13}},"52":{"start":{"line":98,"column":29},"end":{"line":98,"column":30}},"53":{"start":{"line":99,"column":16},"end":{"line":99,"column":51}},"54":{"start":{"line":101,"column":30},"end":{"line":101,"column":48}},"55":{"start":{"line":103,"column":12},"end":{"line":127,"column":13}},"56":{"start":{"line":104,"column":16},"end":{"line":108,"column":18}},"57":{"start":{"line":109,"column":16},"end":{"line":109,"column":101}},"58":{"start":{"line":110,"column":16},"end":{"line":112,"column":24}},"59":{"start":{"line":113,"column":16},"end":{"line":113,"column":23}},"60":{"start":{"line":115,"column":16},"end":{"line":115,"column":52}},"61":{"start":{"line":116,"column":16},"end":{"line":126,"column":17}},"62":{"start":{"line":117,"column":20},"end":{"line":119,"column":28}},"63":{"start":{"line":120,"column":20},"end":{"line":120,"column":27}},"64":{"start":{"line":122,"column":20},"end":{"line":124,"column":28}},"65":{"start":{"line":125,"column":20},"end":{"line":125,"column":27}},"66":{"start":{"line":129,"column":12},"end":{"line":129,"column":53}},"67":{"start":{"line":132,"column":8},"end":{"line":134,"column":16}},"68":{"start":{"line":135,"column":8},"end":{"line":135,"column":15}},"69":{"start":{"line":138,"column":0},"end":{"line":180,"column":3}},"70":{"start":{"line":139,"column":14},"end":{"line":139,"column":39}},"71":{"start":{"line":141,"column":4},"end":{"line":179,"column":5}},"72":{"start":{"line":142,"column":24},"end":{"line":142,"column":32}},"73":{"start":{"line":144,"column":21},"end":{"line":144,"column":60}},"74":{"start":{"line":145,"column":8},"end":{"line":173,"column":9}},"75":{"start":{"line":146,"column":12},"end":{"line":170,"column":13}},"76":{"start":{"line":147,"column":16},"end":{"line":151,"column":18}},"77":{"start":{"line":152,"column":16},"end":{"line":152,"column":98}},"78":{"start":{"line":153,"column":16},"end":{"line":155,"column":24}},"79":{"start":{"line":156,"column":16},"end":{"line":156,"column":23}},"80":{"start":{"line":158,"column":16},"end":{"line":158,"column":85}},"81":{"start":{"line":159,"column":16},"end":{"line":169,"column":17}},"82":{"start":{"line":160,"column":20},"end":{"line":162,"column":28}},"83":{"start":{"line":163,"column":20},"end":{"line":163,"column":27}},"84":{"start":{"line":165,"column":20},"end":{"line":167,"column":28}},"85":{"start":{"line":168,"column":20},"end":{"line":168,"column":27}},"86":{"start":{"line":172,"column":12},"end":{"line":172,"column":56}},"87":{"start":{"line":175,"column":8},"end":{"line":177,"column":16}},"88":{"start":{"line":178,"column":8},"end":{"line":178,"column":15}},"89":{"start":{"line":181,"column":0},"end":{"line":181,"column":21}}},"fnMap":{"0":{"name":"(anonymous_0)","decl":{"start":{"line":11,"column":17},"end":{"line":11,"column":18}},"loc":{"start":{"line":11,"column":23},"end":{"line":13,"column":1}},"line":11},"1":{"name":"response","decl":{"start":{"line":15,"column":15},"end":{"line":15,"column":23}},"loc":{"start":{"line":15,"column":47},"end":{"line":17,"column":1}},"line":15},"2":{"name":"payloadValidation","decl":{"start":{"line":18,"column":15},"end":{"line":18,"column":32}},"loc":{"start":{"line":18,"column":49},"end":{"line":42,"column":1}},"line":18},"3":{"name":"(anonymous_3)","decl":{"start":{"line":43,"column":19},"end":{"line":43,"column":20}},"loc":{"start":{"line":43,"column":39},"end":{"line":84,"column":1}},"line":43},"4":{"name":"(anonymous_4)","decl":{"start":{"line":44,"column":23},"end":{"line":44,"column":24}},"loc":{"start":{"line":44,"column":50},"end":{"line":83,"column":5}},"line":44},"5":{"name":"(anonymous_5)","decl":{"start":{"line":58,"column":105},"end":{"line":58,"column":106}},"loc":{"start":{"line":58,"column":128},"end":{"line":66,"column":17}},"line":58},"6":{"name":"(anonymous_6)","decl":{"start":{"line":85,"column":20},"end":{"line":85,"column":21}},"loc":{"start":{"line":85,"column":40},"end":{"line":137,"column":1}},"line":85},"7":{"name":"(anonymous_7)","decl":{"start":{"line":91,"column":21},"end":{"line":91,"column":22}},"loc":{"start":{"line":91,"column":34},"end":{"line":95,"column":9}},"line":91},"8":{"name":"(anonymous_8)","decl":{"start":{"line":138,"column":19},"end":{"line":138,"column":20}},"loc":{"start":{"line":138,"column":39},"end":{"line":180,"column":1}},"line":138}},"branchMap":{"0":{"loc":{"start":{"line":20,"column":4},"end":{"line":26,"column":5}},"type":"if","locations":[{"start":{"line":20,"column":4},"end":{"line":26,"column":5}},{"start":{"line":20,"column":4},"end":{"line":26,"column":5}}],"line":20},"1":{"loc":{"start":{"line":20,"column":8},"end":{"line":20,"column":85}},"type":"binary-expr","locations":[{"start":{"line":20,"column":8},"end":{"line":20,"column":28}},{"start":{"line":20,"column":32},"end":{"line":20,"column":54}},{"start":{"line":20,"column":58},"end":{"line":20,"column":85}}],"line":20},"2":{"loc":{"start":{"line":27,"column":4},"end":{"line":33,"column":5}},"type":"if","locations":[{"start":{"line":27,"column":4},"end":{"line":33,"column":5}},{"start":{"line":27,"column":4},"end":{"line":33,"column":5}}],"line":27},"3":{"loc":{"start":{"line":27,"column":8},"end":{"line":27,"column":85}},"type":"binary-expr","locations":[{"start":{"line":27,"column":8},"end":{"line":27,"column":28}},{"start":{"line":27,"column":32},"end":{"line":27,"column":54}},{"start":{"line":27,"column":58},"end":{"line":27,"column":85}}],"line":27},"4":{"loc":{"start":{"line":34,"column":4},"end":{"line":40,"column":5}},"type":"if","locations":[{"start":{"line":34,"column":4},"end":{"line":40,"column":5}},{"start":{"line":34,"column":4},"end":{"line":40,"column":5}}],"line":34},"5":{"loc":{"start":{"line":34,"column":8},"end":{"line":34,"column":97}},"type":"binary-expr","locations":[{"start":{"line":34,"column":8},"end":{"line":34,"column":32}},{"start":{"line":34,"column":36},"end":{"line":34,"column":62}},{"start":{"line":34,"column":66},"end":{"line":34,"column":97}}],"line":34},"6":{"loc":{"start":{"line":55,"column":8},"end":{"line":80,"column":9}},"type":"if","locations":[{"start":{"line":55,"column":8},"end":{"line":80,"column":9}},{"start":{"line":55,"column":8},"end":{"line":80,"column":9}}],"line":55},"7":{"loc":{"start":{"line":59,"column":20},"end":{"line":59,"column":39}},"type":"if","locations":[{"start":{"line":59,"column":20},"end":{"line":59,"column":39}},{"start":{"line":59,"column":20},"end":{"line":59,"column":39}}],"line":59},"8":{"loc":{"start":{"line":88,"column":4},"end":{"line":136,"column":5}},"type":"if","locations":[{"start":{"line":88,"column":4},"end":{"line":136,"column":5}},{"start":{"line":88,"column":4},"end":{"line":136,"column":5}}],"line":88},"9":{"loc":{"start":{"line":92,"column":12},"end":{"line":94,"column":13}},"type":"if","locations":[{"start":{"line":92,"column":12},"end":{"line":94,"column":13}},{"start":{"line":92,"column":12},"end":{"line":94,"column":13}}],"line":92},"10":{"loc":{"start":{"line":96,"column":8},"end":{"line":130,"column":9}},"type":"if","locations":[{"start":{"line":96,"column":8},"end":{"line":130,"column":9}},{"start":{"line":96,"column":8},"end":{"line":130,"column":9}}],"line":96},"11":{"loc":{"start":{"line":116,"column":16},"end":{"line":126,"column":17}},"type":"if","locations":[{"start":{"line":116,"column":16},"end":{"line":126,"column":17}},{"start":{"line":116,"column":16},"end":{"line":126,"column":17}}],"line":116},"12":{"loc":{"start":{"line":141,"column":4},"end":{"line":179,"column":5}},"type":"if","locations":[{"start":{"line":141,"column":4},"end":{"line":179,"column":5}},{"start":{"line":141,"column":4},"end":{"line":179,"column":5}}],"line":141},"13":{"loc":{"start":{"line":145,"column":8},"end":{"line":173,"column":9}},"type":"if","locations":[{"start":{"line":145,"column":8},"end":{"line":173,"column":9}},{"start":{"line":145,"column":8},"end":{"line":173,"column":9}}],"line":145},"14":{"loc":{"start":{"line":159,"column":16},"end":{"line":169,"column":17}},"type":"if","locations":[{"start":{"line":159,"column":16},"end":{"line":169,"column":17}},{"start":{"line":159,"column":16},"end":{"line":169,"column":17}}],"line":159}},"s":{"0":1,"1":1,"2":1,"3":1,"4":1,"5":1,"6":1,"7":1,"8":1,"9":3,"10":3,"11":3,"12":0,"13":0,"14":3,"15":0,"16":0,"17":3,"18":0,"19":0,"20":3,"21":1,"22":1,"23":1,"24":1,"25":1,"26":0,"27":0,"28":1,"29":1,"30":1,"31":1,"32":1,"33":0,"34":1,"35":1,"36":0,"37":0,"38":0,"39":0,"40":0,"41":1,"42":1,"43":1,"44":1,"45":1,"46":1,"47":2,"48":0,"49":1,"50":1,"51":1,"52":1,"53":2,"54":1,"55":1,"56":1,"57":1,"58":1,"59":1,"60":0,"61":0,"62":0,"63":0,"64":0,"65":0,"66":0,"67":0,"68":0,"69":1,"70":1,"71":1,"72":1,"73":1,"74":1,"75":1,"76":1,"77":1,"78":1,"79":1,"80":0,"81":0,"82":0,"83":0,"84":0,"85":0,"86":0,"87":0,"88":0,"89":1},"f":{"0":1,"1":3,"2":3,"3":1,"4":1,"5":1,"6":1,"7":2,"8":1},"b":{"0":[0,3],"1":[3,3,3],"2":[0,3],"3":[3,3,3],"4":[0,3],"5":[3,3,3],"6":[1,0],"7":[0,1],"8":[1,0],"9":[0,2],"10":[1,0],"11":[0,0],"12":[1,0],"13":[1,0],"14":[0,0]},"_coverageSchema":"1a1c01bbd47fc00a2c39e90264f33305004495a9","hash":"4aea1a6f91bcd6ddc8e959d5becae589f91e17b6"}
,"D:\\Movie POC\\schema.js": {"path":"D:\\Movie POC\\schema.js","statementMap":{"0":{"start":{"line":1,"column":17},"end":{"line":1,"column":36}},"1":{"start":{"line":2,"column":15},"end":{"line":2,"column":30}},"2":{"start":{"line":3,"column":15},"end":{"line":17,"column":2}},"3":{"start":{"line":19,"column":0},"end":{"line":19,"column":24}}},"fnMap":{},"branchMap":{},"s":{"0":1,"1":1,"2":1,"3":1},"f":{},"b":{},"_coverageSchema":"1a1c01bbd47fc00a2c39e90264f33305004495a9","hash":"7eedf1c96958f040e59c9fa8c43546e6576491d8"}
}
