TN:
SF:DB.js
FN:6,(anonymous_0)
FNF:1
FNH:1
FNDA:3,(anonymous_0)
DA:1,1
DA:2,1
DA:3,1
DA:4,1
DA:5,1
DA:6,1
DA:7,3
DA:8,1
DA:9,1
DA:10,1
DA:12,0
DA:13,0
DA:16,3
DA:18,1
LF:14
LH:12
BRDA:7,0,0,1
BRDA:7,0,1,2
BRF:2
BRH:2
end_of_record
TN:
SF:index.js
FN:11,(anonymous_0)
FN:15,response
FN:18,payloadValidation
FN:43,(anonymous_3)
FN:44,(anonymous_4)
FN:58,(anonymous_5)
FN:85,(anonymous_6)
FN:91,(anonymous_7)
FN:138,(anonymous_8)
FNF:9
FNH:9
FNDA:1,(anonymous_0)
FNDA:3,response
FNDA:3,payloadValidation
FNDA:1,(anonymous_3)
FNDA:1,(anonymous_4)
FNDA:1,(anonymous_5)
FNDA:1,(anonymous_6)
FNDA:2,(anonymous_7)
FNDA:1,(anonymous_8)
DA:1,1
DA:2,1
DA:5,1
DA:6,1
DA:7,1
DA:8,1
DA:9,1
DA:11,1
DA:12,1
DA:16,3
DA:19,3
DA:20,3
DA:21,0
DA:22,0
DA:27,3
DA:28,0
DA:29,0
DA:34,3
DA:35,0
DA:36,0
DA:41,3
DA:43,1
DA:44,1
DA:45,1
DA:47,1
DA:48,1
DA:50,0
DA:53,0
DA:55,1
DA:56,1
DA:57,1
DA:58,1
DA:59,1
DA:62,1
DA:65,1
DA:69,0
DA:70,0
DA:73,0
DA:76,0
DA:79,0
DA:85,1
DA:86,1
DA:88,1
DA:89,1
DA:90,1
DA:91,1
DA:92,2
DA:93,0
DA:96,1
DA:97,1
DA:98,1
DA:99,2
DA:101,1
DA:103,1
DA:104,1
DA:109,1
DA:110,1
DA:113,1
DA:115,0
DA:116,0
DA:117,0
DA:120,0
DA:122,0
DA:125,0
DA:129,0
DA:132,0
DA:135,0
DA:138,1
DA:139,1
DA:141,1
DA:142,1
DA:144,1
DA:145,1
DA:146,1
DA:147,1
DA:152,1
DA:153,1
DA:156,1
DA:158,0
DA:159,0
DA:160,0
DA:163,0
DA:165,0
DA:168,0
DA:172,0
DA:175,0
DA:178,0
DA:181,1
LF:88
LH:56
BRDA:20,0,0,0
BRDA:20,0,1,3
BRDA:20,1,0,3
BRDA:20,1,1,3
BRDA:20,1,2,3
BRDA:27,2,0,0
BRDA:27,2,1,3
BRDA:27,3,0,3
BRDA:27,3,1,3
BRDA:27,3,2,3
BRDA:34,4,0,0
BRDA:34,4,1,3
BRDA:34,5,0,3
BRDA:34,5,1,3
BRDA:34,5,2,3
BRDA:55,6,0,1
BRDA:55,6,1,0
BRDA:59,7,0,0
BRDA:59,7,1,1
BRDA:88,8,0,1
BRDA:88,8,1,0
BRDA:92,9,0,0
BRDA:92,9,1,2
BRDA:96,10,0,1
BRDA:96,10,1,0
BRDA:116,11,0,0
BRDA:116,11,1,0
BRDA:141,12,0,1
BRDA:141,12,1,0
BRDA:145,13,0,1
BRDA:145,13,1,0
BRDA:159,14,0,0
BRDA:159,14,1,0
BRF:33
BRH:19
end_of_record
TN:
SF:schema.js
FNF:0
FNH:0
DA:1,1
DA:2,1
DA:3,1
DA:19,1
LF:4
LH:4
BRF:0
BRH:0
end_of_record
